Build started 8/3/2015 3:39:07 PM.
     1>Project "C:\Users\imteam1\Documents\Visual Studio 2013\Projects\OlympicMedalistSearch\OlympicMedalistSearch\OlympicMedalistSearch.vcxproj" on node 2 (Build target(s)).
     1>ClCompile:
         C:\Program Files (x86)\Microsoft Visual Studio 12.0\VC\bin\CL.exe /c /ZI /nologo /W3 /WX- /sdl /Od /Oy- /D WIN32 /D _DEBUG /D _CONSOLE /D _LIB /D _UNICODE /D UNICODE /Gm /EHsc /RTC1 /MDd /GS /fp:precise /Zc:wchar_t /Zc:forScope /Yu"stdafx.h" /Fp"Debug\OlympicMedalistSearch.pch" /Fo"Debug\\" /Fd"Debug\vc120.pdb" /Gd /TP /analyze- /errorReport:prompt AthleteRecord.cpp BinarySearchTree.cpp BinaryTree.cpp HashedTable.cpp OlympicMedalistSearch.cpp Util.cpp
         BinaryTree.cpp
     1>c:\users\imteam1\documents\visual studio 2013\projects\olympicmedalistsearch\olympicmedalistsearch\binarytree.cpp(2): warning C4067: unexpected tokens following preprocessor directive - expected a newline
         Generating Code...
         Compiling...
         Util.cpp
     1>c:\users\imteam1\documents\visual studio 2013\projects\olympicmedalistsearch\olympicmedalistsearch\hashedtable.h(4): warning C4067: unexpected tokens following preprocessor directive - expected a newline
     1>c:\users\imteam1\documents\visual studio 2013\projects\olympicmedalistsearch\olympicmedalistsearch\hashtable.h(4): warning C4067: unexpected tokens following preprocessor directive - expected a newline
     1>c:\users\imteam1\documents\visual studio 2013\projects\olympicmedalistsearch\olympicmedalistsearch\hashtable.h(5): warning C4067: unexpected tokens following preprocessor directive - expected a newline
     1>c:\users\imteam1\documents\visual studio 2013\projects\olympicmedalistsearch\olympicmedalistsearch\hashedtable.h(5): warning C4067: unexpected tokens following preprocessor directive - expected a newline
     1>c:\users\imteam1\documents\visual studio 2013\projects\olympicmedalistsearch\olympicmedalistsearch\util.cpp(145): warning C4800: 'int' : forcing value to bool 'true' or 'false' (performance warning)
     1>c:\users\imteam1\documents\visual studio 2013\projects\olympicmedalistsearch\olympicmedalistsearch\util.cpp(146): warning C4800: 'int' : forcing value to bool 'true' or 'false' (performance warning)
         OlympicMedalistSearch.cpp
     1>c:\users\imteam1\documents\visual studio 2013\projects\olympicmedalistsearch\olympicmedalistsearch\hashedtable.h(4): warning C4067: unexpected tokens following preprocessor directive - expected a newline
     1>c:\users\imteam1\documents\visual studio 2013\projects\olympicmedalistsearch\olympicmedalistsearch\hashtable.h(4): warning C4067: unexpected tokens following preprocessor directive - expected a newline
     1>c:\users\imteam1\documents\visual studio 2013\projects\olympicmedalistsearch\olympicmedalistsearch\hashtable.h(5): warning C4067: unexpected tokens following preprocessor directive - expected a newline
     1>c:\users\imteam1\documents\visual studio 2013\projects\olympicmedalistsearch\olympicmedalistsearch\hashedtable.h(5): warning C4067: unexpected tokens following preprocessor directive - expected a newline
     1>c:\users\imteam1\documents\visual studio 2013\projects\olympicmedalistsearch\olympicmedalistsearch\olympicmedalistsearch.cpp(192): warning C4018: '<' : signed/unsigned mismatch
         HashedTable.cpp
     1>c:\users\imteam1\documents\visual studio 2013\projects\olympicmedalistsearch\olympicmedalistsearch\hashedtable.h(4): warning C4067: unexpected tokens following preprocessor directive - expected a newline
     1>c:\users\imteam1\documents\visual studio 2013\projects\olympicmedalistsearch\olympicmedalistsearch\hashtable.h(4): warning C4067: unexpected tokens following preprocessor directive - expected a newline
     1>c:\users\imteam1\documents\visual studio 2013\projects\olympicmedalistsearch\olympicmedalistsearch\hashtable.h(5): warning C4067: unexpected tokens following preprocessor directive - expected a newline
     1>c:\users\imteam1\documents\visual studio 2013\projects\olympicmedalistsearch\olympicmedalistsearch\hashedtable.h(5): warning C4067: unexpected tokens following preprocessor directive - expected a newline
     1>c:\users\imteam1\documents\visual studio 2013\projects\olympicmedalistsearch\olympicmedalistsearch\hashedtable.cpp(53): warning C4018: '<' : signed/unsigned mismatch
     1>c:\users\imteam1\documents\visual studio 2013\projects\olympicmedalistsearch\olympicmedalistsearch\hashedtable.cpp(287): warning C4018: '<=' : signed/unsigned mismatch
     1>c:\users\imteam1\documents\visual studio 2013\projects\olympicmedalistsearch\olympicmedalistsearch\hashedtable.cpp(293): warning C4244: '+=' : conversion from 'double' to 'long', possible loss of data
     1>c:\users\imteam1\documents\visual studio 2013\projects\olympicmedalistsearch\olympicmedalistsearch\hashedtable.cpp(295): warning C4244: '+=' : conversion from 'double' to 'long', possible loss of data
     1>c:\users\imteam1\documents\visual studio 2013\projects\olympicmedalistsearch\olympicmedalistsearch\hashedtable.cpp(297): warning C4244: '+=' : conversion from 'double' to 'long', possible loss of data
     1>c:\users\imteam1\documents\visual studio 2013\projects\olympicmedalistsearch\olympicmedalistsearch\hashedtable.cpp(299): warning C4244: '+=' : conversion from 'double' to 'long', possible loss of data
     1>c:\users\imteam1\documents\visual studio 2013\projects\olympicmedalistsearch\olympicmedalistsearch\hashedtable.cpp(301): warning C4244: '+=' : conversion from 'double' to 'long', possible loss of data
     1>c:\users\imteam1\documents\visual studio 2013\projects\olympicmedalistsearch\olympicmedalistsearch\hashedtable.cpp(303): warning C4244: '+=' : conversion from 'double' to 'long', possible loss of data
     1>c:\users\imteam1\documents\visual studio 2013\projects\olympicmedalistsearch\olympicmedalistsearch\hashedtable.cpp(305): warning C4244: '+=' : conversion from 'double' to 'long', possible loss of data
     1>c:\users\imteam1\documents\visual studio 2013\projects\olympicmedalistsearch\olympicmedalistsearch\hashedtable.cpp(307): warning C4244: '+=' : conversion from 'double' to 'long', possible loss of data
     1>c:\users\imteam1\documents\visual studio 2013\projects\olympicmedalistsearch\olympicmedalistsearch\hashedtable.cpp(309): warning C4244: '+=' : conversion from 'double' to 'long', possible loss of data
     1>c:\users\imteam1\documents\visual studio 2013\projects\olympicmedalistsearch\olympicmedalistsearch\hashedtable.cpp(311): warning C4244: '+=' : conversion from 'double' to 'long', possible loss of data
     1>c:\users\imteam1\documents\visual studio 2013\projects\olympicmedalistsearch\olympicmedalistsearch\hashedtable.cpp(313): warning C4244: '+=' : conversion from 'double' to 'long', possible loss of data
     1>c:\users\imteam1\documents\visual studio 2013\projects\olympicmedalistsearch\olympicmedalistsearch\hashedtable.cpp(315): warning C4244: '+=' : conversion from 'double' to 'long', possible loss of data
     1>c:\users\imteam1\documents\visual studio 2013\projects\olympicmedalistsearch\olympicmedalistsearch\hashedtable.cpp(317): warning C4244: '+=' : conversion from 'double' to 'long', possible loss of data
     1>c:\users\imteam1\documents\visual studio 2013\projects\olympicmedalistsearch\olympicmedalistsearch\hashedtable.cpp(319): warning C4244: '+=' : conversion from 'double' to 'long', possible loss of data
     1>c:\users\imteam1\documents\visual studio 2013\projects\olympicmedalistsearch\olympicmedalistsearch\hashedtable.cpp(321): warning C4244: '+=' : conversion from 'double' to 'long', possible loss of data
     1>c:\users\imteam1\documents\visual studio 2013\projects\olympicmedalistsearch\olympicmedalistsearch\hashedtable.cpp(323): warning C4244: '+=' : conversion from 'double' to 'long', possible loss of data
     1>c:\users\imteam1\documents\visual studio 2013\projects\olympicmedalistsearch\olympicmedalistsearch\hashedtable.cpp(325): warning C4244: '+=' : conversion from 'double' to 'long', possible loss of data
     1>c:\users\imteam1\documents\visual studio 2013\projects\olympicmedalistsearch\olympicmedalistsearch\hashedtable.cpp(327): warning C4244: '+=' : conversion from 'double' to 'long', possible loss of data
     1>c:\users\imteam1\documents\visual studio 2013\projects\olympicmedalistsearch\olympicmedalistsearch\hashedtable.cpp(329): warning C4244: '+=' : conversion from 'double' to 'long', possible loss of data
     1>c:\users\imteam1\documents\visual studio 2013\projects\olympicmedalistsearch\olympicmedalistsearch\hashedtable.cpp(331): warning C4244: '+=' : conversion from 'double' to 'long', possible loss of data
     1>c:\users\imteam1\documents\visual studio 2013\projects\olympicmedalistsearch\olympicmedalistsearch\hashedtable.cpp(333): warning C4244: '+=' : conversion from 'double' to 'long', possible loss of data
     1>c:\users\imteam1\documents\visual studio 2013\projects\olympicmedalistsearch\olympicmedalistsearch\hashedtable.cpp(335): warning C4244: '+=' : conversion from 'double' to 'long', possible loss of data
     1>c:\users\imteam1\documents\visual studio 2013\projects\olympicmedalistsearch\olympicmedalistsearch\hashedtable.cpp(337): warning C4244: '+=' : conversion from 'double' to 'long', possible loss of data
     1>c:\users\imteam1\documents\visual studio 2013\projects\olympicmedalistsearch\olympicmedalistsearch\hashedtable.cpp(339): warning C4244: '+=' : conversion from 'double' to 'long', possible loss of data
     1>c:\users\imteam1\documents\visual studio 2013\projects\olympicmedalistsearch\olympicmedalistsearch\hashedtable.cpp(341): warning C4244: '+=' : conversion from 'double' to 'long', possible loss of data
     1>c:\users\imteam1\documents\visual studio 2013\projects\olympicmedalistsearch\olympicmedalistsearch\hashedtable.cpp(343): warning C4244: '+=' : conversion from 'double' to 'long', possible loss of data
         BinarySearchTree.cpp
         AthleteRecord.cpp
     1>c:\users\imteam1\documents\visual studio 2013\projects\olympicmedalistsearch\olympicmedalistsearch\hashedtable.h(4): warning C4067: unexpected tokens following preprocessor directive - expected a newline
     1>c:\users\imteam1\documents\visual studio 2013\projects\olympicmedalistsearch\olympicmedalistsearch\hashtable.h(4): warning C4067: unexpected tokens following preprocessor directive - expected a newline
     1>c:\users\imteam1\documents\visual studio 2013\projects\olympicmedalistsearch\olympicmedalistsearch\hashtable.h(5): warning C4067: unexpected tokens following preprocessor directive - expected a newline
     1>c:\users\imteam1\documents\visual studio 2013\projects\olympicmedalistsearch\olympicmedalistsearch\hashedtable.h(5): warning C4067: unexpected tokens following preprocessor directive - expected a newline
         Generating Code...
       Link:
         C:\Program Files (x86)\Microsoft Visual Studio 12.0\VC\bin\link.exe /ERRORREPORT:PROMPT /OUT:"C:\Users\imteam1\Documents\Visual Studio 2013\Projects\OlympicMedalistSearch\Debug\OlympicMedalistSearch.exe" /INCREMENTAL /NOLOGO kernel32.lib user32.lib gdi32.lib winspool.lib comdlg32.lib advapi32.lib shell32.lib ole32.lib oleaut32.lib uuid.lib odbc32.lib odbccp32.lib /MANIFEST /MANIFESTUAC:"level='asInvoker' uiAccess='false'" /manifest:embed /DEBUG /PDB:"C:\Users\imteam1\Documents\Visual Studio 2013\Projects\OlympicMedalistSearch\Debug\OlympicMedalistSearch.pdb" /SUBSYSTEM:CONSOLE /TLBID:1 /DYNAMICBASE /NXCOMPAT /IMPLIB:"C:\Users\imteam1\Documents\Visual Studio 2013\Projects\OlympicMedalistSearch\Debug\OlympicMedalistSearch.lib" /MACHINE:X86 Debug\Athlete.obj
         Debug\AthleteRecord.obj
         Debug\BinarySearchTree.obj
         Debug\BinaryTree.obj
         Debug\HashedTable.obj
         Debug\HeapMostSearch.obj
         Debug\LinkedList.obj
         Debug\List.obj
         Debug\OlympicMedalistSearch.obj
         Debug\stdafx.obj
         Debug\Util.obj
     1>AthleteRecord.obj : error LNK2019: unresolved external symbol "private: void __thiscall BinaryTree<class Athlete *>::_inorder(void (__cdecl*)(class Athlete * &),class BinaryNode<class Athlete *> *)const " (?_inorder@?$BinaryTree@PAVAthlete@@@@ABEXP6AXAAPAVAthlete@@@ZPAV?$BinaryNode@PAVAthlete@@@@@Z) referenced in function "public: void __thiscall BinaryTree<class Athlete *>::inOrder(void (__cdecl*)(class Athlete * &))const " (?inOrder@?$BinaryTree@PAVAthlete@@@@QBEXP6AXAAPAVAthlete@@@Z@Z)
     1>OlympicMedalistSearch.obj : error LNK2001: unresolved external symbol "private: void __thiscall BinaryTree<class Athlete *>::_inorder(void (__cdecl*)(class Athlete * &),class BinaryNode<class Athlete *> *)const " (?_inorder@?$BinaryTree@PAVAthlete@@@@ABEXP6AXAAPAVAthlete@@@ZPAV?$BinaryNode@PAVAthlete@@@@@Z)
     1>AthleteRecord.obj : error LNK2019: unresolved external symbol "public: void __thiscall BinaryTree<class Athlete *>::clear(void)" (?clear@?$BinaryTree@PAVAthlete@@@@QAEXXZ) referenced in function "public: virtual __thiscall BinaryTree<class Athlete *>::~BinaryTree<class Athlete *>(void)" (??1?$BinaryTree@PAVAthlete@@@@UAE@XZ)
     1>OlympicMedalistSearch.obj : error LNK2001: unresolved external symbol "public: void __thiscall BinaryTree<class Athlete *>::clear(void)" (?clear@?$BinaryTree@PAVAthlete@@@@QAEXXZ)
     1>AthleteRecord.obj : error LNK2001: unresolved external symbol "public: virtual bool __thiscall BinarySearchTree<class Athlete *>::insert(class Athlete * &,bool (__cdecl*)(class Athlete *,class Athlete *,class std::basic_string<char,struct std::char_traits<char>,class std::allocator<char> >))" (?insert@?$BinarySearchTree@PAVAthlete@@@@UAE_NAAPAVAthlete@@P6A_NPAV2@1V?$basic_string@DU?$char_traits@D@std@@V?$allocator@D@2@@std@@@Z@Z)
     1>AthleteRecord.obj : error LNK2001: unresolved external symbol "public: virtual bool __thiscall BinarySearchTree<class Athlete *>::remove(class Athlete * const &,bool (__cdecl*)(class Athlete *,class Athlete *,class std::basic_string<char,struct std::char_traits<char>,class std::allocator<char> >))" (?remove@?$BinarySearchTree@PAVAthlete@@@@UAE_NABQAVAthlete@@P6A_NPAV2@1V?$basic_string@DU?$char_traits@D@std@@V?$allocator@D@2@@std@@@Z@Z)
     1>AthleteRecord.obj : error LNK2001: unresolved external symbol "public: virtual bool __thiscall BinarySearchTree<class Athlete *>::getEntry(class Athlete * const &,class Athlete * &,bool (__cdecl*)(class Athlete *,class Athlete *,class std::basic_string<char,struct std::char_traits<char>,class std::allocator<char> >))const " (?getEntry@?$BinarySearchTree@PAVAthlete@@@@UBE_NABQAVAthlete@@AAPAV2@P6A_NPAV2@2V?$basic_string@DU?$char_traits@D@std@@V?$allocator@D@2@@std@@@Z@Z)
     1>AthleteRecord.obj : error LNK2019: unresolved external symbol "public: bool __thiscall HeapMostSearch<class Athlete *>::add(class Athlete * &,bool (__cdecl*)(class Athlete *,class Athlete *,class std::basic_string<char,struct std::char_traits<char>,class std::allocator<char> >),bool (__cdecl*)(class Athlete *,class Athlete *))" (?add@?$HeapMostSearch@PAVAthlete@@@@QAE_NAAPAVAthlete@@P6A_NPAV2@1V?$basic_string@DU?$char_traits@D@std@@V?$allocator@D@2@@std@@@ZP6A_N11@Z@Z) referenced in function "public: void __thiscall AthleteRecord::mostSearched(int)" (?mostSearched@AthleteRecord@@QAEXH@Z)
     1>AthleteRecord.obj : error LNK2019: unresolved external symbol "public: bool __thiscall HeapMostSearch<class Athlete *>::remove(bool (__cdecl*)(class Athlete *,class Athlete *,class std::basic_string<char,struct std::char_traits<char>,class std::allocator<char> >))" (?remove@?$HeapMostSearch@PAVAthlete@@@@QAE_NP6A_NPAVAthlete@@0V?$basic_string@DU?$char_traits@D@std@@V?$allocator@D@2@@std@@@Z@Z) referenced in function "public: void __thiscall AthleteRecord::mostSearched(int)" (?mostSearched@AthleteRecord@@QAEXH@Z)
     1>AthleteRecord.obj : error LNK2019: unresolved external symbol "public: bool __thiscall HeapMostSearch<class Athlete *>::update(class Athlete * const &,bool (__cdecl*)(class Athlete *,class Athlete *,class std::basic_string<char,struct std::char_traits<char>,class std::allocator<char> >),bool (__cdecl*)(class Athlete *,class Athlete *))" (?update@?$HeapMostSearch@PAVAthlete@@@@QAE_NABQAVAthlete@@P6A_NPAV2@1V?$basic_string@DU?$char_traits@D@std@@V?$allocator@D@2@@std@@@ZP6A_N11@Z@Z) referenced in function "public: void __thiscall AthleteRecord::deleteData(class std::basic_string<char,struct std::char_traits<char>,class std::allocator<char> >)" (?deleteData@AthleteRecord@@QAEXV?$basic_string@DU?$char_traits@D@std@@V?$allocator@D@2@@std@@@Z)
     1>AthleteRecord.obj : error LNK2019: unresolved external symbol "public: void __thiscall LinkedList<class Athlete *>::displayList(void (__cdecl*)(class Athlete *))const " (?displayList@?$LinkedList@PAVAthlete@@@@QBEXP6AXPAVAthlete@@@Z@Z) referenced in function "public: void __thiscall AthleteRecord::compare(void)" (?compare@AthleteRecord@@QAEXXZ)
     1>AthleteRecord.obj : error LNK2019: unresolved external symbol "public: bool __thiscall List<class Athlete *>::insert(class Athlete * const &,int)" (?insert@?$List@PAVAthlete@@@@QAE_NABQAVAthlete@@H@Z) referenced in function "public: void __thiscall AthleteRecord::compare(void)" (?compare@AthleteRecord@@QAEXXZ)
     1>AthleteRecord.obj : error LNK2019: unresolved external symbol "public: bool __thiscall List<class Athlete *>::remove(int)" (?remove@?$List@PAVAthlete@@@@QAE_NH@Z) referenced in function "public: void __thiscall AthleteRecord::compare(void)" (?compare@AthleteRecord@@QAEXXZ)
     1>AthleteRecord.obj : error LNK2019: unresolved external symbol "public: bool __thiscall List<class Athlete *>::getEntry(int,class Athlete * &)const " (?getEntry@?$List@PAVAthlete@@@@QBE_NHAAPAVAthlete@@@Z) referenced in function "public: void __thiscall AthleteRecord::compare(void)" (?compare@AthleteRecord@@QAEXXZ)
     1>OlympicMedalistSearch.obj : error LNK2019: unresolved external symbol "private: void __thiscall BinaryTree<class Athlete *>::_postorderprint(void (__cdecl*)(class Athlete * &),class BinaryNode<class Athlete *> *,int)const " (?_postorderprint@?$BinaryTree@PAVAthlete@@@@ABEXP6AXAAPAVAthlete@@@ZPAV?$BinaryNode@PAVAthlete@@@@H@Z) referenced in function "public: void __thiscall BinaryTree<class Athlete *>::postOrderPrint(void (__cdecl*)(class Athlete * &))const " (?postOrderPrint@?$BinaryTree@PAVAthlete@@@@QBEXP6AXAAPAVAthlete@@@Z@Z)
     1>OlympicMedalistSearch.obj : error LNK2019: unresolved external symbol "private: void __thiscall BinaryTree<class Athlete *>::_preorderprint(void (__cdecl*)(class Athlete * &),class BinaryNode<class Athlete *> *,int)const " (?_preorderprint@?$BinaryTree@PAVAthlete@@@@ABEXP6AXAAPAVAthlete@@@ZPAV?$BinaryNode@PAVAthlete@@@@H@Z) referenced in function "public: void __thiscall BinaryTree<class Athlete *>::preOrderPrint(void (__cdecl*)(class Athlete * &))const " (?preOrderPrint@?$BinaryTree@PAVAthlete@@@@QBEXP6AXAAPAVAthlete@@@Z@Z)
     1>OlympicMedalistSearch.obj : error LNK2019: unresolved external symbol "private: void __thiscall BinaryTree<class Athlete *>::_inorderprint(void (__cdecl*)(class Athlete * &),class BinaryNode<class Athlete *> *,int)const " (?_inorderprint@?$BinaryTree@PAVAthlete@@@@ABEXP6AXAAPAVAthlete@@@ZPAV?$BinaryNode@PAVAthlete@@@@H@Z) referenced in function "public: void __thiscall BinaryTree<class Athlete *>::inOrderPrint(void (__cdecl*)(class Athlete * &))const " (?inOrderPrint@?$BinaryTree@PAVAthlete@@@@QBEXP6AXAAPAVAthlete@@@Z@Z)
     1>OlympicMedalistSearch.obj : error LNK2019: unresolved external symbol "private: void __thiscall BinaryTree<class Athlete *>::_breadthtraversal(void (__cdecl*)(class Athlete * &),class BinaryNode<class Athlete *> *)const " (?_breadthtraversal@?$BinaryTree@PAVAthlete@@@@ABEXP6AXAAPAVAthlete@@@ZPAV?$BinaryNode@PAVAthlete@@@@@Z) referenced in function "public: void __thiscall BinaryTree<class Athlete *>::breadthTraversal(void (__cdecl*)(class Athlete * &))const " (?breadthTraversal@?$BinaryTree@PAVAthlete@@@@QBEXP6AXAAPAVAthlete@@@Z@Z)
     1>C:\Users\imteam1\Documents\Visual Studio 2013\Projects\OlympicMedalistSearch\Debug\OlympicMedalistSearch.exe : fatal error LNK1120: 16 unresolved externals
     1>Done Building Project "C:\Users\imteam1\Documents\Visual Studio 2013\Projects\OlympicMedalistSearch\OlympicMedalistSearch\OlympicMedalistSearch.vcxproj" (Build target(s)) -- FAILED.

Build FAILED.

Time Elapsed 00:00:04.07
